<?xml version="1.0" encoding="UTF-8"?>
<robot generator="Robot 4.1.3 (Python 3.10.2 on win32)" generated="20220201 15:51:24.653" rpa="false" schemaversion="2">
<suite id="s1" name="CreateCharacters" source="C:\projects\marvel-api\specs\CreateCharacters.robot">
<test id="s1-t1" name="Deve Cadastrar Um Personagem">
<kw name="Set Client Key" library="Base">
<arg>vuribi@gmail.com</arg>
<kw name="Create Dictionary" library="BuiltIn">
<var>&amp;{usuario}</var>
<arg>email=${email}</arg>
<doc>Creates and returns a dictionary based on the given ``items``.</doc>
<msg timestamp="20220201 15:51:25.224" level="INFO">&amp;{usuario} = { email=vuribi@gmail.com }</msg>
<status status="PASS" starttime="20220201 15:51:25.223" endtime="20220201 15:51:25.224"/>
</kw>
<kw name="POST" library="RequestsLibrary">
<var>${response}</var>
<arg>${API_URL}/accounts</arg>
<arg>json=${usuario}</arg>
<doc>Sends a POST request.</doc>
<msg timestamp="20220201 15:51:25.568" level="INFO">POST Request : url=http://marvel.qaninja.academy/accounts 
 path_url=/accounts 
 headers={'User-Agent': 'python-requests/2.27.1', 'Accept-Encoding': 'gzip, deflate', 'Accept': '*/*', 'Connection': 'keep-alive', 'Content-Length': '29', 'Content-Type': 'application/json'} 
 body=b'{"email": "vuribi@gmail.com"}' 
 </msg>
<msg timestamp="20220201 15:51:25.568" level="INFO">POST Response : url=http://marvel.qaninja.academy/accounts 
 status=200, reason=OK 
 headers={'Server': 'Cowboy', 'Connection': 'keep-alive', 'X-Powered-By': 'Express', 'Access-Control-Allow-Origin': '*', 'Content-Type': 'application/json; charset=utf-8', 'Content-Length': '41', 'Etag': 'W/"29-fJuxmjFLvsirZ78l4KWmDf8CGo8"', 'Date': 'Tue, 01 Feb 2022 18:51:25 GMT', 'Via': '1.1 vegur'} 
 body={"client_key":"61f193a5c94b5f00166cc66a"} 
 </msg>
<msg timestamp="20220201 15:51:25.568" level="INFO">${response} = &lt;Response [200]&gt;</msg>
<status status="PASS" starttime="20220201 15:51:25.224" endtime="20220201 15:51:25.568"/>
</kw>
<kw name="Set Variable" library="BuiltIn">
<var>${client_key}</var>
<arg>${response.json()}[client_key]</arg>
<doc>Returns the given values which can then be assigned to a variables.</doc>
<msg timestamp="20220201 15:51:25.569" level="INFO">${client_key} = 61f193a5c94b5f00166cc66a</msg>
<status status="PASS" starttime="20220201 15:51:25.568" endtime="20220201 15:51:25.569"/>
</kw>
<kw name="Create Dictionary" library="BuiltIn">
<var>&amp;{HEADERS}</var>
<arg>client_key=${client_key}</arg>
<doc>Creates and returns a dictionary based on the given ``items``.</doc>
<msg timestamp="20220201 15:51:25.570" level="INFO">&amp;{HEADERS} = { client_key=61f193a5c94b5f00166cc66a }</msg>
<status status="PASS" starttime="20220201 15:51:25.570" endtime="20220201 15:51:25.570"/>
</kw>
<kw name="Set Suite Variable" library="BuiltIn">
<arg>${HEADERS}</arg>
<doc>Makes a variable available everywhere within the scope of the current suite.</doc>
<msg timestamp="20220201 15:51:25.571" level="INFO">${HEADERS} = {'client_key': '61f193a5c94b5f00166cc66a'}</msg>
<status status="PASS" starttime="20220201 15:51:25.570" endtime="20220201 15:51:25.571"/>
</kw>
<status status="PASS" starttime="20220201 15:51:25.222" endtime="20220201 15:51:25.571"/>
</kw>
<kw name="Factory Thanos" library="Thanos">
<var>${personagem}</var>
<msg timestamp="20220201 15:51:25.573" level="INFO">${personagem} = {'name': 'Christine Oneill', 'aliases': 'Thanos', 'age': 3000, 'team': 'Ordem Negra', 'active': False}</msg>
<status status="PASS" starttime="20220201 15:51:25.572" endtime="20220201 15:51:25.573"/>
</kw>
<kw name="POST New Character" library="Characters">
<var>${response}</var>
<arg>${personagem}</arg>
<kw name="POST" library="RequestsLibrary">
<var>${response}</var>
<arg>${API_URL}/characters</arg>
<arg>json=${payload}</arg>
<arg>headers=${HEADERS}</arg>
<arg>expected_status=any</arg>
<doc>Sends a POST request.</doc>
<msg timestamp="20220201 15:51:25.843" level="INFO">POST Request : url=http://marvel.qaninja.academy/characters 
 path_url=/characters 
 headers={'User-Agent': 'python-requests/2.27.1', 'Accept-Encoding': 'gzip, deflate', 'Accept': '*/*', 'Connection': 'keep-alive', 'client_key': '61f193a5c94b5f00166cc66a', 'Content-Length': '102', 'Content-Type': 'application/json'} 
 body=b'{"name": "Christine Oneill", "aliases": "Thanos", "age": 3000, "team": "Ordem Negra", "active": false}' 
 </msg>
<msg timestamp="20220201 15:51:25.843" level="INFO">POST Response : url=http://marvel.qaninja.academy/characters 
 status=200, reason=OK 
 headers={'Server': 'Cowboy', 'Connection': 'keep-alive', 'X-Powered-By': 'Express', 'Access-Control-Allow-Origin': '*', 'Content-Type': 'application/json; charset=utf-8', 'Content-Length': '161', 'Etag': 'W/"a1-2kQmZUZIHxKwInA441akWpK9lwY"', 'Date': 'Tue, 01 Feb 2022 18:51:26 GMT', 'Via': '1.1 vegur'} 
 body={"_id":"61f9812e9446750016c2f011","name":"Christine Oneill","age":3000,"aliases":"Thanos","team":"Ordem Negra","active":false,"owner":"61f193a5c94b5f00166cc66a"} 
 </msg>
<msg timestamp="20220201 15:51:25.843" level="INFO">${response} = &lt;Response [200]&gt;</msg>
<status status="PASS" starttime="20220201 15:51:25.574" endtime="20220201 15:51:25.844"/>
</kw>
<msg timestamp="20220201 15:51:25.844" level="INFO">${response} = &lt;Response [200]&gt;</msg>
<status status="PASS" starttime="20220201 15:51:25.574" endtime="20220201 15:51:25.844"/>
</kw>
<kw name="Status Should Be" library="RequestsLibrary">
<arg>200</arg>
<doc>Fails if response status code is different than the expected.</doc>
<status status="PASS" starttime="20220201 15:51:25.845" endtime="20220201 15:51:25.846"/>
</kw>
<status status="PASS" starttime="20220201 15:51:25.221" endtime="20220201 15:51:25.846"/>
</test>
<test id="s1-t2" name="Não deve cadastrar com o mesmo nome">
<kw name="Factory Thanos" library="Thanos">
<var>${personagem}</var>
<msg timestamp="20220201 15:51:25.852" level="INFO">${personagem} = {'name': 'David Griffin', 'aliases': 'Thanos', 'age': 3000, 'team': 'Ordem Negra', 'active': False}</msg>
<status status="PASS" starttime="20220201 15:51:25.850" endtime="20220201 15:51:25.852"/>
</kw>
<kw name="POST New Character" library="Characters">
<arg>${personagem}</arg>
<kw name="POST" library="RequestsLibrary">
<var>${response}</var>
<arg>${API_URL}/characters</arg>
<arg>json=${payload}</arg>
<arg>headers=${HEADERS}</arg>
<arg>expected_status=any</arg>
<doc>Sends a POST request.</doc>
<msg timestamp="20220201 15:51:26.089" level="INFO">POST Request : url=http://marvel.qaninja.academy/characters 
 path_url=/characters 
 headers={'User-Agent': 'python-requests/2.27.1', 'Accept-Encoding': 'gzip, deflate', 'Accept': '*/*', 'Connection': 'keep-alive', 'client_key': '61f193a5c94b5f00166cc66a', 'Content-Length': '99', 'Content-Type': 'application/json'} 
 body=b'{"name": "David Griffin", "aliases": "Thanos", "age": 3000, "team": "Ordem Negra", "active": false}' 
 </msg>
<msg timestamp="20220201 15:51:26.089" level="INFO">POST Response : url=http://marvel.qaninja.academy/characters 
 status=200, reason=OK 
 headers={'Server': 'Cowboy', 'Connection': 'keep-alive', 'X-Powered-By': 'Express', 'Access-Control-Allow-Origin': '*', 'Content-Type': 'application/json; charset=utf-8', 'Content-Length': '158', 'Etag': 'W/"9e-BjddgCmMNHYNkPPk7v00aZO341g"', 'Date': 'Tue, 01 Feb 2022 18:51:26 GMT', 'Via': '1.1 vegur'} 
 body={"_id":"61f9812e9446750016c2f015","name":"David Griffin","age":3000,"aliases":"Thanos","team":"Ordem Negra","active":false,"owner":"61f193a5c94b5f00166cc66a"} 
 </msg>
<msg timestamp="20220201 15:51:26.090" level="INFO">${response} = &lt;Response [200]&gt;</msg>
<status status="PASS" starttime="20220201 15:51:25.853" endtime="20220201 15:51:26.090"/>
</kw>
<status status="PASS" starttime="20220201 15:51:25.852" endtime="20220201 15:51:26.090"/>
</kw>
<kw name="POST New Character" library="Characters">
<var>${response}</var>
<arg>${personagem}</arg>
<kw name="POST" library="RequestsLibrary">
<var>${response}</var>
<arg>${API_URL}/characters</arg>
<arg>json=${payload}</arg>
<arg>headers=${HEADERS}</arg>
<arg>expected_status=any</arg>
<doc>Sends a POST request.</doc>
<msg timestamp="20220201 15:51:26.323" level="INFO">POST Request : url=http://marvel.qaninja.academy/characters 
 path_url=/characters 
 headers={'User-Agent': 'python-requests/2.27.1', 'Accept-Encoding': 'gzip, deflate', 'Accept': '*/*', 'Connection': 'keep-alive', 'client_key': '61f193a5c94b5f00166cc66a', 'Content-Length': '99', 'Content-Type': 'application/json'} 
 body=b'{"name": "David Griffin", "aliases": "Thanos", "age": 3000, "team": "Ordem Negra", "active": false}' 
 </msg>
<msg timestamp="20220201 15:51:26.323" level="INFO">POST Response : url=http://marvel.qaninja.academy/characters 
 status=409, reason=Conflict 
 headers={'Server': 'Cowboy', 'Connection': 'keep-alive', 'X-Powered-By': 'Express', 'Access-Control-Allow-Origin': '*', 'Content-Type': 'application/json; charset=utf-8', 'Content-Length': '39', 'Etag': 'W/"27-u8CjYCAAYHK/l+EQR0JyKi0LQGU"', 'Date': 'Tue, 01 Feb 2022 18:51:26 GMT', 'Via': '1.1 vegur'} 
 body={"error":"Character already exists :("} 
 </msg>
<msg timestamp="20220201 15:51:26.323" level="INFO">${response} = &lt;Response [409]&gt;</msg>
<status status="PASS" starttime="20220201 15:51:26.092" endtime="20220201 15:51:26.323"/>
</kw>
<msg timestamp="20220201 15:51:26.324" level="INFO">${response} = &lt;Response [409]&gt;</msg>
<status status="PASS" starttime="20220201 15:51:26.091" endtime="20220201 15:51:26.324"/>
</kw>
<kw name="Status Should Be" library="RequestsLibrary">
<arg>409</arg>
<arg>${response}</arg>
<doc>Fails if response status code is different than the expected.</doc>
<status status="PASS" starttime="20220201 15:51:26.325" endtime="20220201 15:51:26.325"/>
</kw>
<kw name="Should Be Equal" library="BuiltIn">
<arg>${response.json()}[error]</arg>
<arg>Character already exists :(</arg>
<doc>Fails if the given objects are unequal.</doc>
<status status="PASS" starttime="20220201 15:51:26.326" endtime="20220201 15:51:26.327"/>
</kw>
<status status="PASS" starttime="20220201 15:51:25.849" endtime="20220201 15:51:26.328"/>
</test>
<doc>Suite de Teste do cadastro de personagens da API da marvel</doc>
<status status="PASS" starttime="20220201 15:51:24.655" endtime="20220201 15:51:26.331"/>
</suite>
<statistics>
<total>
<stat pass="2" fail="0" skip="0">All Tests</stat>
</total>
<tag>
</tag>
<suite>
<stat pass="2" fail="0" skip="0" id="s1" name="CreateCharacters">CreateCharacters</stat>
</suite>
</statistics>
<errors>
</errors>
</robot>
